c:\users\freshcc\source\repos\averynormaldriver\averynormaldriver\x64\debug\vc143.pdb
c:\users\freshcc\source\repos\averynormaldriver\averynormaldriver\x64\debug\averynormaldriver.obj
c:\users\freshcc\source\repos\averynormaldriver\x64\debug\averynormaldriver\averynormaldriver.cat
c:\users\freshcc\source\repos\averynormaldriver\x64\debug\averynormaldriver.sys
c:\users\freshcc\source\repos\averynormaldriver\x64\debug\averynormaldriver.pdb
c:\users\freshcc\source\repos\averynormaldriver\averynormaldriver\x64\debug\averynormaldriver.inf
c:\users\freshcc\source\repos\averynormaldriver\x64\debug\averynormaldriver.cer
c:\users\freshcc\source\repos\averynormaldriver\x64\debug\averynormaldriver.inf
c:\users\freshcc\source\repos\averynormaldriver\averynormaldriver\x64\debug\averynor.48bcd0ef.tlog\cl.command.1.tlog
c:\users\freshcc\source\repos\averynormaldriver\averynormaldriver\x64\debug\averynor.48bcd0ef.tlog\cl.read.1.tlog
c:\users\freshcc\source\repos\averynormaldriver\averynormaldriver\x64\debug\averynor.48bcd0ef.tlog\cl.write.1.tlog
c:\users\freshcc\source\repos\averynormaldriver\averynormaldriver\x64\debug\averynor.48bcd0ef.tlog\inf2cat-expand.9932.read.1.tlog
c:\users\freshcc\source\repos\averynormaldriver\averynormaldriver\x64\debug\averynor.48bcd0ef.tlog\inf2cat-expand.9932.write.1.tlog
c:\users\freshcc\source\repos\averynormaldriver\averynormaldriver\x64\debug\averynor.48bcd0ef.tlog\inf2cat-expand.read.1.tlog
c:\users\freshcc\source\repos\averynormaldriver\averynormaldriver\x64\debug\averynor.48bcd0ef.tlog\inf2cat-expand.write.1.tlog
c:\users\freshcc\source\repos\averynormaldriver\averynormaldriver\x64\debug\averynor.48bcd0ef.tlog\inf2cat.command.1.tlog
c:\users\freshcc\source\repos\averynormaldriver\averynormaldriver\x64\debug\averynor.48bcd0ef.tlog\inf2cat.read.1.tlog
c:\users\freshcc\source\repos\averynormaldriver\averynormaldriver\x64\debug\averynor.48bcd0ef.tlog\inf2cat.write.1.tlog
c:\users\freshcc\source\repos\averynormaldriver\averynormaldriver\x64\debug\averynor.48bcd0ef.tlog\link.command.1.tlog
c:\users\freshcc\source\repos\averynormaldriver\averynormaldriver\x64\debug\averynor.48bcd0ef.tlog\link.read.1.tlog
c:\users\freshcc\source\repos\averynormaldriver\averynormaldriver\x64\debug\averynor.48bcd0ef.tlog\link.write.1.tlog
c:\users\freshcc\source\repos\averynormaldriver\averynormaldriver\x64\debug\averynor.48bcd0ef.tlog\signtool.command.1.tlog
c:\users\freshcc\source\repos\averynormaldriver\averynormaldriver\x64\debug\averynor.48bcd0ef.tlog\signtool.read.1.tlog
c:\users\freshcc\source\repos\averynormaldriver\averynormaldriver\x64\debug\averynor.48bcd0ef.tlog\signtool.timestamp.1.tlog
c:\users\freshcc\source\repos\averynormaldriver\averynormaldriver\x64\debug\averynor.48bcd0ef.tlog\signtool.write.1.tlog
c:\users\freshcc\source\repos\averynormaldriver\averynormaldriver\x64\debug\averynor.48bcd0ef.tlog\stampinf.command.1.tlog
c:\users\freshcc\source\repos\averynormaldriver\averynormaldriver\x64\debug\averynor.48bcd0ef.tlog\stampinf.read.1.tlog
c:\users\freshcc\source\repos\averynormaldriver\averynormaldriver\x64\debug\averynor.48bcd0ef.tlog\stampinf.write.1.tlog
