c:\users\freshcc\source\repos\averynormaldriver_phrack\averynormaldriver\x64\release\averynormaldriver.obj
c:\users\freshcc\source\repos\averynormaldriver_phrack\x64\release\averynormaldriver\averynormaldriver.cat
c:\users\freshcc\source\repos\averynormaldriver_phrack\x64\release\averynormaldriver.sys
c:\users\freshcc\source\repos\averynormaldriver_phrack\x64\release\averynormaldriver.pdb
c:\users\freshcc\source\repos\averynormaldriver_phrack\averynormaldriver\x64\release\averynormaldriver.inf
c:\users\freshcc\source\repos\averynormaldriver_phrack\x64\release\averynormaldriver.cer
c:\users\freshcc\source\repos\averynormaldriver_phrack\x64\release\averynormaldriver.inf
c:\users\freshcc\source\repos\averynormaldriver_phrack\averynormaldriver\x64\release\vc143.pdb
c:\users\freshcc\source\repos\averynormaldriver_phrack\averynormaldriver\x64\release\averynor.48bcd0ef.tlog\cl.command.1.tlog
c:\users\freshcc\source\repos\averynormaldriver_phrack\averynormaldriver\x64\release\averynor.48bcd0ef.tlog\cl.read.1.tlog
c:\users\freshcc\source\repos\averynormaldriver_phrack\averynormaldriver\x64\release\averynor.48bcd0ef.tlog\cl.write.1.tlog
c:\users\freshcc\source\repos\averynormaldriver_phrack\averynormaldriver\x64\release\averynor.48bcd0ef.tlog\inf2cat-expand.7924.read.1.tlog
c:\users\freshcc\source\repos\averynormaldriver_phrack\averynormaldriver\x64\release\averynor.48bcd0ef.tlog\inf2cat-expand.7924.write.1.tlog
c:\users\freshcc\source\repos\averynormaldriver_phrack\averynormaldriver\x64\release\averynor.48bcd0ef.tlog\inf2cat-expand.8424.read.1.tlog
c:\users\freshcc\source\repos\averynormaldriver_phrack\averynormaldriver\x64\release\averynor.48bcd0ef.tlog\inf2cat-expand.8424.write.1.tlog
c:\users\freshcc\source\repos\averynormaldriver_phrack\averynormaldriver\x64\release\averynor.48bcd0ef.tlog\inf2cat-expand.8728.read.1.tlog
c:\users\freshcc\source\repos\averynormaldriver_phrack\averynormaldriver\x64\release\averynor.48bcd0ef.tlog\inf2cat-expand.8728.write.1.tlog
c:\users\freshcc\source\repos\averynormaldriver_phrack\averynormaldriver\x64\release\averynor.48bcd0ef.tlog\inf2cat-expand.read.1.tlog
c:\users\freshcc\source\repos\averynormaldriver_phrack\averynormaldriver\x64\release\averynor.48bcd0ef.tlog\inf2cat-expand.write.1.tlog
c:\users\freshcc\source\repos\averynormaldriver_phrack\averynormaldriver\x64\release\averynor.48bcd0ef.tlog\inf2cat.command.1.tlog
c:\users\freshcc\source\repos\averynormaldriver_phrack\averynormaldriver\x64\release\averynor.48bcd0ef.tlog\inf2cat.read.1.tlog
c:\users\freshcc\source\repos\averynormaldriver_phrack\averynormaldriver\x64\release\averynor.48bcd0ef.tlog\inf2cat.write.1.tlog
c:\users\freshcc\source\repos\averynormaldriver_phrack\averynormaldriver\x64\release\averynor.48bcd0ef.tlog\link.command.1.tlog
c:\users\freshcc\source\repos\averynormaldriver_phrack\averynormaldriver\x64\release\averynor.48bcd0ef.tlog\link.read.1.tlog
c:\users\freshcc\source\repos\averynormaldriver_phrack\averynormaldriver\x64\release\averynor.48bcd0ef.tlog\link.write.1.tlog
c:\users\freshcc\source\repos\averynormaldriver_phrack\averynormaldriver\x64\release\averynor.48bcd0ef.tlog\signtool.command.1.tlog
c:\users\freshcc\source\repos\averynormaldriver_phrack\averynormaldriver\x64\release\averynor.48bcd0ef.tlog\signtool.read.1.tlog
c:\users\freshcc\source\repos\averynormaldriver_phrack\averynormaldriver\x64\release\averynor.48bcd0ef.tlog\signtool.timestamp.1.tlog
c:\users\freshcc\source\repos\averynormaldriver_phrack\averynormaldriver\x64\release\averynor.48bcd0ef.tlog\signtool.write.1.tlog
c:\users\freshcc\source\repos\averynormaldriver_phrack\averynormaldriver\x64\release\averynor.48bcd0ef.tlog\stampinf.command.1.tlog
c:\users\freshcc\source\repos\averynormaldriver_phrack\averynormaldriver\x64\release\averynor.48bcd0ef.tlog\stampinf.read.1.tlog
c:\users\freshcc\source\repos\averynormaldriver_phrack\averynormaldriver\x64\release\averynor.48bcd0ef.tlog\stampinf.write.1.tlog
